<?xml version="1.0" encoding="utf-8"?><testsuites name="pytest tests"><testsuite name="pytest" errors="0" failures="0" skipped="0" tests="17" time="28.878" timestamp="2026-07-04T04:35:07.800243+00:00" hostname="agent-env-e61ffc14-8835-4b00-a273-648cb5f8bc9f"><testcase classname="tests.test_email_outreach.TestTemplates" name="test_create" time="0.590" /><testcase classname="tests.test_email_outreach.TestCampaignLifecycle" name="test_create_now" time="0.668" /><testcase classname="tests.test_email_outreach.TestTemplates" name="test_list" time="0.083" /><testcase classname="tests.test_email_outreach.TestCampaignLifecycle" name="test_worker_processes" time="27.397" /><testcase classname="tests.test_email_outreach.TestTemplates" name="test_get" time="0.035" /><testcase classname="tests.test_email_outreach.TestTemplates" name="test_update" time="0.118" /><testcase classname="tests.test_email_outreach.TestTemplates" name="test_duplicate" time="0.077" /><testcase classname="tests.test_email_outreach.TestTemplates" name="test_delete" time="0.201" /><testcase classname="tests.test_email_outreach.TestWebhookAndSuppression" name="test_webhook_no_match" time="0.081" /><testcase classname="tests.test_email_outreach.TestWebhookAndSuppression" name="test_unsubscribe_and_suppression" time="0.293" /><testcase classname="tests.test_email_outreach.TestAudiencePreview" name="test_preview_returns_shape" time="0.092" /><testcase classname="tests.test_email_outreach.TestScheduling" name="test_scheduled_status" time="8.146" /><testcase classname="tests.test_email_outreach.TestPauseResumeCancel" name="test_pause_resume" time="0.533" /><testcase classname="tests.test_email_outreach.TestTestSend" name="test_sandbox_returns_400_not_502" time="0.400" /><testcase classname="tests.test_email_outreach.TestCampaignLifecycle" name="test_analytics" time="0.073" /><testcase classname="tests.test_email_outreach.TestLookups" name="test_categories" time="0.070" /><testcase classname="tests.test_email_outreach.TestLookups" name="test_merge_fields" time="0.071" /></testsuite></testsuites>