<?xml version="1.0" encoding="utf-8"?><testsuites name="pytest tests"><testsuite name="pytest" errors="0" failures="0" skipped="0" tests="7" time="74.155" timestamp="2026-07-04T05:08:52.693194+00:00" hostname="agent-env-e61ffc14-8835-4b00-a273-648cb5f8bc9f"><testcase classname="tests.test_email_phase_b.TestAB" name="test_create_ab_campaign" time="0.587" /><testcase classname="tests.test_email_phase_b.TestTemplateVersioning" name="test_create_template" time="0.663" /><testcase classname="tests.test_email_phase_b.TestAB" name="test_ab_progresses_to_completion" time="51.662" /><testcase classname="tests.test_email_phase_b.TestTemplateVersioning" name="test_update_snapshots_v1" time="0.151" /><testcase classname="tests.test_email_phase_b.TestTemplateVersioning" name="test_update_snapshots_v2" time="0.143" /><testcase classname="tests.test_email_phase_b.TestTemplateVersioning" name="test_restore_version" time="0.146" /><testcase classname="tests.test_email_phase_b.TestRecurrence" name="test_recurring_campaign_spawns_child" time="21.309" /></testsuite></testsuites>