<?xml version="1.0" encoding="utf-8"?><testsuites name="pytest tests"><testsuite name="pytest" errors="0" failures="0" skipped="0" tests="6" time="3.795" timestamp="2026-07-05T06:52:26.228099+00:00" hostname="agent-env-e61ffc14-8835-4b00-a273-648cb5f8bc9f"><testcase classname="tests.test_integration_testers" name="test_facebook_test_returns_invalid_missing_publish_scope" time="0.996" /><testcase classname="tests.test_integration_testers" name="test_instagram_test_returns_invalid_page_id_not_ig" time="0.275" /><testcase classname="tests.test_integration_testers" name="test_list_integrations_reflects_error_status" time="0.921" /><testcase classname="tests.test_integration_testers" name="test_other_providers_no_500[whatsapp]" time="0.304" /><testcase classname="tests.test_integration_testers" name="test_other_providers_no_500[email]" time="0.277" /><testcase classname="tests.test_integration_testers" name="test_test_endpoint_response_shape" time="0.532" /></testsuite></testsuites>