<?xml version="1.0" encoding="utf-8"?><testsuites name="pytest tests"><testsuite name="pytest" errors="0" failures="1" skipped="0" tests="20" time="3.903" timestamp="2026-06-27T12:50:41.605790+00:00" hostname="agent-env-e61ffc14-8835-4b00-a273-648cb5f8bc9f"><testcase classname="tests.test_integrations_admin.TestListAndMask" name="test_list_returns_five_providers" time="0.866" /><testcase classname="tests.test_integrations_admin.TestRBAC" name="test_counsellor_list_403" time="0.943" /><testcase classname="tests.test_integrations_admin.TestListAndMask" name="test_secret_fields_masked_nonsecret_plain" time="0.234" /><testcase classname="tests.test_integrations_admin.TestRBAC" name="test_counsellor_save_403" time="0.120" /><testcase classname="tests.test_integrations_admin.TestRBAC" name="test_counsellor_test_403" time="0.074" /><testcase classname="tests.test_integrations_admin.TestListAndMask" name="test_no_plaintext_secret_ever_returned" time="0.076" /><testcase classname="tests.test_integrations_admin.TestRBAC" name="test_counsellor_health_403" time="0.109" /><testcase classname="tests.test_integrations_admin.TestSave" name="test_save_whatsapp_sets_needs_verification" time="0.122" /><testcase classname="tests.test_integrations_admin.TestRBAC" name="test_counsellor_audit_403" time="0.073" /><testcase classname="tests.test_integrations_admin.TestSave" name="test_blank_value_does_not_overwrite" time="0.289"><failure message="AssertionError: assert '9999999' == 'KEEP_ME'&#10;  &#10;  - KEEP_ME&#10;  + 9999999">backend/tests/test_integrations_admin.py:156: in test_blank_value_does_not_overwrite
    assert pid["value"] == "KEEP_ME"
E   AssertionError: assert '9999999' == 'KEEP_ME'
E     
E     - KEEP_ME
E     + 9999999</failure></testcase><testcase classname="tests.test_integrations_admin.TestRBAC" name="test_counsellor_delete_403" time="0.138" /><testcase classname="tests.test_integrations_admin.TestConnectionEndpoint" name="test_test_invalid_creds_returns_invalid_not_500" time="0.368" /><testcase classname="tests.test_integrations_admin.TestSave" name="test_audit_entry_created_and_masked" time="0.162" /><testcase classname="tests.test_integrations_admin.TestRotateAndReset" name="test_rotate_secret_clears_field" time="0.289" /><testcase classname="tests.test_integrations_admin.TestConnectionEndpoint" name="test_test_not_configured_400" time="0.169" /><testcase classname="tests.test_integrations_admin.TestRuntimeFallback" name="test_email_send_returns_400_when_not_configured" time="0.260" /><testcase classname="tests.test_integrations_admin.TestRotateAndReset" name="test_delete_resets_provider" time="0.328" /><testcase classname="tests.test_integrations_admin.TestRuntimeFallback" name="test_whatsapp_send_falls_back_to_mock_when_not_configured" time="0.221" /><testcase classname="tests.test_integrations_admin.TestHealth" name="test_health_lists_all_providers" time="0.494" /><testcase classname="tests.test_integrations_admin.TestIntegrationsStatusReflection" name="test_db_reflects_in_status" time="0.922" /></testsuite></testsuites>