<?xml version="1.0" encoding="utf-8"?><testsuites name="pytest tests"><testsuite name="pytest" errors="0" failures="0" skipped="0" tests="21" time="3.942" timestamp="2026-06-27T12:51:12.312039+00:00" hostname="agent-env-e61ffc14-8835-4b00-a273-648cb5f8bc9f"><testcase classname="tests.test_p1_features.TestConfig" name="test_content_config_roundtrip" time="0.800" /><testcase classname="tests.test_p1_features.TestAuthAndRBAC" name="test_admin_login" time="0.608" /><testcase classname="tests.test_p1_features.TestAuthAndRBAC" name="test_admin_me_is_admin" time="0.070" /><testcase classname="tests.test_p1_features.TestConfig" name="test_templates_config_roundtrip" time="0.400" /><testcase classname="tests.test_p1_features.TestAuthAndRBAC" name="test_counsellor_cannot_list_users" time="0.492" /><testcase classname="tests.test_p1_features.TestAuthAndRBAC" name="test_admin_lists_users" time="0.099" /><testcase classname="tests.test_p1_features.TestConfig" name="test_team_config_roundtrip" time="0.112" /><testcase classname="tests.test_p1_features.TestTeamMgmt" name="test_admin_cannot_delete_self" time="0.177" /><testcase classname="tests.test_p1_features.TestLeadsRBAC" name="test_admin_sees_all" time="0.074" /><testcase classname="tests.test_p1_features.TestTeamMgmt" name="test_create_and_delete_user" time="0.622" /><testcase classname="tests.test_p1_features.TestLeadsRBAC" name="test_counsellor_sees_only_own" time="0.693" /><testcase classname="tests.test_p1_features.TestTasks" name="test_task_crud_and_overdue" time="0.416" /><testcase classname="tests.test_p1_features.TestEmail" name="test_email_not_configured" time="0.194" /><testcase classname="tests.test_p1_features.TestEmail" name="test_list_emails_empty" time="0.167" /><testcase classname="tests.test_p1_features.TestRoundRobin" name="test_round_robin_rotates" time="0.505" /><testcase classname="tests.test_p1_features.TestTasks" name="test_counsellor_sees_own_tasks_only" time="0.125" /><testcase classname="tests.test_p1_features.TestBulkOutreach" name="test_bulk_whatsapp" time="0.133" /><testcase classname="tests.test_p1_features.TestBulkOutreach" name="test_bulk_calls" time="0.079" /><testcase classname="tests.test_p1_features.TestIntegrations" name="test_status_shape" time="0.111" /><testcase classname="tests.test_p1_features.TestLeadAssign" name="test_assign_lead" time="0.333" /><testcase classname="tests.test_p1_features.TestBulkImportDedup" name="test_dedup_on_import" time="0.177" /></testsuite></testsuites>