<?xml version="1.0" encoding="utf-8"?><testsuites name="pytest tests"><testsuite name="pytest" errors="0" failures="0" skipped="0" tests="11" time="4.710" timestamp="2026-07-03T10:56:25.562229+00:00" hostname="agent-env-e61ffc14-8835-4b00-a273-648cb5f8bc9f"><testcase classname="tests.test_voice_calls_phase3" name="test_voice_call_returns_400_when_twilio_not_configured" time="0.476" /><testcase classname="tests.test_voice_calls_phase3" name="test_voice_call_404_when_lead_missing" time="0.079" /><testcase classname="tests.test_voice_calls_phase3" name="test_twiml_entry_returns_valid_twiml" time="0.093" /><testcase classname="tests.test_voice_calls_phase3" name="test_twiml_turn_speech_gets_ai_reply" time="2.228" /><testcase classname="tests.test_voice_calls_phase3" name="test_twiml_turn_end_detected" time="1.263" /><testcase classname="tests.test_voice_calls_phase3" name="test_twiml_turn_silent_reprompts" time="0.080" /><testcase classname="tests.test_voice_calls_phase3" name="test_voice_status_callback_204" time="0.083" /><testcase classname="tests.test_voice_calls_phase3" name="test_voice_recording_callback_204" time="0.084" /><testcase classname="tests.test_voice_calls_phase3" name="test_voice_audio_404" time="0.071" /><testcase classname="tests.test_voice_calls_phase3" name="test_voice_recording_proxy_404" time="0.088" /><testcase classname="tests.test_voice_calls_phase3" name="test_twilio_integration_has_handoff_number" time="0.084" /></testsuite></testsuites>