<?xml version="1.0" encoding="utf-8"?><testsuites name="pytest tests"><testsuite name="pytest" errors="0" failures="0" skipped="0" tests="12" time="8.289" timestamp="2026-07-03T07:11:22.617076+00:00" hostname="agent-env-e61ffc14-8835-4b00-a273-648cb5f8bc9f"><testcase classname="tests.test_ai_agents_phase2" name="test_get_qa" time="0.519" /><testcase classname="tests.test_ai_agents_phase2" name="test_get_unknowns" time="0.075" /><testcase classname="tests.test_ai_agents_phase2" name="test_get_prompt_versions" time="0.080" /><testcase classname="tests.test_ai_agents_phase2" name="test_get_calls" time="0.034" /><testcase classname="tests.test_ai_agents_phase2" name="test_get_analytics" time="0.075" /><testcase classname="tests.test_ai_agents_phase2" name="test_add_qa_and_appears" time="0.230" /><testcase classname="tests.test_ai_agents_phase2" name="test_add_qa_validation" time="0.078" /><testcase classname="tests.test_ai_agents_phase2" name="test_prompt_version_and_rollback" time="0.442" /><testcase classname="tests.test_ai_agents_phase2" name="test_unknowns_flow" time="4.925" /><testcase classname="tests.test_ai_agents_phase2" name="test_unknowns_dismiss" time="1.282" /><testcase classname="tests.test_ai_agents_phase2" name="test_call_review" time="0.140" /><testcase classname="tests.test_ai_agents_phase2" name="test_call_review_not_found" time="0.327" /></testsuite></testsuites>