<?xml version="1.0" encoding="utf-8"?><testsuites name="pytest tests"><testsuite name="pytest" errors="0" failures="0" skipped="0" tests="16" time="4.823" timestamp="2026-06-27T13:08:25.055716+00:00" hostname="agent-env-e61ffc14-8835-4b00-a273-648cb5f8bc9f"><testcase classname="tests.test_phase2_meta_templates.TestHistory" name="test_history_requires_admin" time="0.775" /><testcase classname="tests.test_phase2_meta_templates.TestHistory" name="test_history_returns_list" time="0.088" /><testcase classname="tests.test_phase2_meta_templates.TestHistory" name="test_test_appends_to_history" time="0.768" /><testcase classname="tests.test_phase2_meta_templates.TestExportImport" name="test_export_requires_admin" time="0.096" /><testcase classname="tests.test_phase2_meta_templates.TestExportImport" name="test_import_requires_admin" time="0.074" /><testcase classname="tests.test_phase2_meta_templates.TestExportImport" name="test_export_structure_and_encryption" time="0.187" /><testcase classname="tests.test_phase2_meta_templates.TestExportImport" name="test_export_writes_audit_entry" time="0.225" /><testcase classname="tests.test_phase2_meta_templates.TestExportImport" name="test_roundtrip_export_reset_import_restores" time="0.677" /><testcase classname="tests.test_phase2_meta_templates.TestExportImport" name="test_import_writes_audit_entry" time="0.303" /><testcase classname="tests.test_phase2_meta_templates.TestMetaTemplates" name="test_meta_templates_400_when_not_configured" time="0.143" /><testcase classname="tests.test_phase2_meta_templates.TestMetaTemplates" name="test_meta_templates_400_without_business_account_id" time="0.254" /><testcase classname="tests.test_phase2_meta_templates.TestMetaTemplates" name="test_lead_whatsapp_template_400_when_not_configured" time="0.227" /><testcase classname="tests.test_phase2_meta_templates.TestMetaTemplates" name="test_lead_whatsapp_template_404_for_unknown_lead" time="0.078" /><testcase classname="tests.test_phase2_meta_templates.TestMetaTemplates" name="test_bulk_whatsapp_template_400_when_not_configured" time="0.165" /><testcase classname="tests.test_phase2_meta_templates.TestRegression" name="test_bulk_whatsapp_still_works_mock" time="0.237" /><testcase classname="tests.test_phase2_meta_templates.TestRegression" name="test_bulk_calls_still_works_mock" time="0.443" /></testsuite></testsuites>