<?xml version="1.0" encoding="utf-8"?><testsuites name="pytest tests"><testsuite name="pytest" errors="0" failures="3" skipped="0" tests="21" time="4.448" timestamp="2026-06-26T21:13:30.782849+00:00" hostname="agent-env-e61ffc14-8835-4b00-a273-648cb5f8bc9f"><testcase classname="tests.test_p1_features.TestConfig" name="test_content_config_roundtrip" time="1.332" /><testcase classname="tests.test_p1_features.TestAuthAndRBAC" name="test_admin_login" time="0.616" /><testcase classname="tests.test_p1_features.TestAuthAndRBAC" name="test_admin_me_is_admin" time="0.198" /><testcase classname="tests.test_p1_features.TestAuthAndRBAC" name="test_counsellor_cannot_list_users" time="0.460" /><testcase classname="tests.test_p1_features.TestAuthAndRBAC" name="test_admin_lists_users" time="0.088" /><testcase classname="tests.test_p1_features.TestConfig" name="test_templates_config_roundtrip" time="0.312" /><testcase classname="tests.test_p1_features.TestTeamMgmt" name="test_admin_cannot_delete_self" time="0.418" /><testcase classname="tests.test_p1_features.TestConfig" name="test_team_config_roundtrip" time="0.073" /><testcase classname="tests.test_p1_features.TestLeadsRBAC" name="test_admin_sees_all" time="0.082" /><testcase classname="tests.test_p1_features.TestTeamMgmt" name="test_create_and_delete_user" time="0.810" /><testcase classname="tests.test_p1_features.TestLeadsRBAC" name="test_counsellor_sees_only_own" time="0.806" /><testcase classname="tests.test_p1_features.TestTasks" name="test_task_crud_and_overdue" time="0.394" /><testcase classname="tests.test_p1_features.TestEmail" name="test_email_not_configured" time="0.176" /><testcase classname="tests.test_p1_features.TestEmail" name="test_list_emails_empty" time="0.378" /><testcase classname="tests.test_p1_features.TestTasks" name="test_counsellor_sees_own_tasks_only" time="0.072" /><testcase classname="tests.test_p1_features.TestBulkOutreach" name="test_bulk_whatsapp" time="0.071"><failure message="AssertionError: Internal Server Error&#10;assert 500 == 200&#10; +  where 500 = &lt;Response [500]&gt;.status_code">backend/tests/test_p1_features.py:324: in test_bulk_whatsapp
    assert r.status_code == 200, r.text
E   AssertionError: Internal Server Error
E   assert 500 == 200
E    +  where 500 = &lt;Response [500]&gt;.status_code</failure></testcase><testcase classname="tests.test_p1_features.TestBulkOutreach" name="test_bulk_calls" time="0.072"><failure message="AssertionError: Internal Server Error&#10;assert 500 == 200&#10; +  where 500 = &lt;Response [500]&gt;.status_code">backend/tests/test_p1_features.py:331: in test_bulk_calls
    assert r.status_code == 200, r.text
E   AssertionError: Internal Server Error
E   assert 500 == 200
E    +  where 500 = &lt;Response [500]&gt;.status_code</failure></testcase><testcase classname="tests.test_p1_features.TestRoundRobin" name="test_round_robin_rotates" time="0.388" /><testcase classname="tests.test_p1_features.TestBulkImportDedup" name="test_dedup_on_import" time="0.173"><failure message="AssertionError: expected &gt;=2 dups, got 1: {'created': 2, 'skipped': 0, 'duplicates': 1, 'errors': [], 'total_rows': 3}&#10;assert 1 &gt;= 2">backend/tests/test_p1_features.py:188: in test_dedup_on_import
    assert data["duplicates"] &gt;= 2, f"expected &gt;=2 dups, got {data['duplicates']}: {data}"
E   AssertionError: expected &gt;=2 dups, got 1: {'created': 2, 'skipped': 0, 'duplicates': 1, 'errors': [], 'total_rows': 3}
E   assert 1 &gt;= 2</failure></testcase><testcase classname="tests.test_p1_features.TestIntegrations" name="test_status_shape" time="0.069" /><testcase classname="tests.test_p1_features.TestLeadAssign" name="test_assign_lead" time="0.294" /></testsuite></testsuites>