<?xml version="1.0" encoding="utf-8"?><testsuites name="pytest tests"><testsuite name="pytest" errors="0" failures="0" skipped="0" tests="41" time="13.009" timestamp="2026-06-27T13:08:36.226549+00:00" hostname="agent-env-e61ffc14-8835-4b00-a273-648cb5f8bc9f"><testcase classname="tests.test_p1_features.TestAuthAndRBAC" name="test_admin_login" time="0.422" /><testcase classname="tests.test_p1_features.TestAuthAndRBAC" name="test_admin_me_is_admin" time="0.079" /><testcase classname="tests.test_p1_features.TestAuthAndRBAC" name="test_counsellor_cannot_list_users" time="0.456" /><testcase classname="tests.test_p1_features.TestAuthAndRBAC" name="test_admin_lists_users" time="0.073" /><testcase classname="tests.test_p1_features.TestTeamMgmt" name="test_admin_cannot_delete_self" time="0.225" /><testcase classname="tests.test_p1_features.TestTeamMgmt" name="test_create_and_delete_user" time="0.647" /><testcase classname="tests.test_p1_features.TestLeadsRBAC" name="test_admin_sees_all" time="0.085" /><testcase classname="tests.test_p1_features.TestLeadsRBAC" name="test_counsellor_sees_only_own" time="0.081" /><testcase classname="tests.test_p1_features.TestRoundRobin" name="test_round_robin_rotates" time="0.407" /><testcase classname="tests.test_p1_features.TestLeadAssign" name="test_assign_lead" time="0.296" /><testcase classname="tests.test_p1_features.TestBulkImportDedup" name="test_dedup_on_import" time="0.140" /><testcase classname="tests.test_p1_features.TestTasks" name="test_task_crud_and_overdue" time="0.317" /><testcase classname="tests.test_p1_features.TestTasks" name="test_counsellor_sees_own_tasks_only" time="0.086" /><testcase classname="tests.test_p1_features.TestEmail" name="test_email_not_configured" time="0.176" /><testcase classname="tests.test_p1_features.TestEmail" name="test_list_emails_empty" time="0.146" /><testcase classname="tests.test_p1_features.TestIntegrations" name="test_status_shape" time="0.076" /><testcase classname="tests.test_p1_features.TestConfig" name="test_content_config_roundtrip" time="0.244" /><testcase classname="tests.test_p1_features.TestConfig" name="test_templates_config_roundtrip" time="0.253" /><testcase classname="tests.test_p1_features.TestConfig" name="test_team_config_roundtrip" time="0.081" /><testcase classname="tests.test_p1_features.TestBulkOutreach" name="test_bulk_whatsapp" time="0.084" /><testcase classname="tests.test_p1_features.TestBulkOutreach" name="test_bulk_calls" time="0.090" /><testcase classname="tests.test_integrations_admin.TestListAndMask" name="test_list_returns_five_providers" time="0.391" /><testcase classname="tests.test_integrations_admin.TestListAndMask" name="test_secret_fields_masked_nonsecret_plain" time="0.158" /><testcase classname="tests.test_integrations_admin.TestListAndMask" name="test_no_plaintext_secret_ever_returned" time="0.116" /><testcase classname="tests.test_integrations_admin.TestRBAC" name="test_counsellor_list_403" time="0.360" /><testcase classname="tests.test_integrations_admin.TestRBAC" name="test_counsellor_save_403" time="0.070" /><testcase classname="tests.test_integrations_admin.TestRBAC" name="test_counsellor_test_403" time="0.072" /><testcase classname="tests.test_integrations_admin.TestRBAC" name="test_counsellor_health_403" time="0.082" /><testcase classname="tests.test_integrations_admin.TestRBAC" name="test_counsellor_audit_403" time="0.075" /><testcase classname="tests.test_integrations_admin.TestRBAC" name="test_counsellor_delete_403" time="0.071" /><testcase classname="tests.test_integrations_admin.TestSave" name="test_save_whatsapp_sets_needs_verification" time="0.085" /><testcase classname="tests.test_integrations_admin.TestSave" name="test_blank_value_does_not_overwrite" time="4.455" /><testcase classname="tests.test_integrations_admin.TestSave" name="test_audit_entry_created_and_masked" time="0.145" /><testcase classname="tests.test_integrations_admin.TestConnectionEndpoint" name="test_test_invalid_creds_returns_invalid_not_500" time="0.364" /><testcase classname="tests.test_integrations_admin.TestConnectionEndpoint" name="test_test_not_configured_400" time="0.167" /><testcase classname="tests.test_integrations_admin.TestRotateAndReset" name="test_rotate_secret_clears_field" time="0.271" /><testcase classname="tests.test_integrations_admin.TestRotateAndReset" name="test_delete_resets_provider" time="0.237" /><testcase classname="tests.test_integrations_admin.TestHealth" name="test_health_lists_all_providers" time="0.094" /><testcase classname="tests.test_integrations_admin.TestIntegrationsStatusReflection" name="test_db_reflects_in_status" time="0.496" /><testcase classname="tests.test_integrations_admin.TestRuntimeFallback" name="test_email_send_returns_400_when_not_configured" time="0.222" /><testcase classname="tests.test_integrations_admin.TestRuntimeFallback" name="test_whatsapp_send_falls_back_to_mock_when_not_configured" time="0.541" /></testsuite></testsuites>