<?xml version="1.0" encoding="utf-8"?><testsuites name="pytest tests"><testsuite name="pytest" errors="0" failures="0" skipped="0" tests="41" time="8.656" timestamp="2026-07-03T05:44:54.149899+00:00" hostname="agent-env-e61ffc14-8835-4b00-a273-648cb5f8bc9f"><testcase classname="tests.test_p1_features.TestAuthAndRBAC" name="test_admin_login" time="0.346" /><testcase classname="tests.test_p1_features.TestAuthAndRBAC" name="test_admin_me_is_admin" time="0.069" /><testcase classname="tests.test_p1_features.TestAuthAndRBAC" name="test_counsellor_cannot_list_users" time="0.464" /><testcase classname="tests.test_p1_features.TestAuthAndRBAC" name="test_admin_lists_users" time="0.087" /><testcase classname="tests.test_p1_features.TestTeamMgmt" name="test_admin_cannot_delete_self" time="0.165" /><testcase classname="tests.test_p1_features.TestTeamMgmt" name="test_create_and_delete_user" time="0.443" /><testcase classname="tests.test_p1_features.TestLeadsRBAC" name="test_admin_sees_all" time="0.070" /><testcase classname="tests.test_p1_features.TestLeadsRBAC" name="test_counsellor_sees_only_own" time="0.076" /><testcase classname="tests.test_p1_features.TestRoundRobin" name="test_round_robin_rotates" time="0.388" /><testcase classname="tests.test_p1_features.TestLeadAssign" name="test_assign_lead" time="0.281" /><testcase classname="tests.test_p1_features.TestBulkImportDedup" name="test_dedup_on_import" time="0.169" /><testcase classname="tests.test_p1_features.TestTasks" name="test_task_crud_and_overdue" time="0.309" /><testcase classname="tests.test_p1_features.TestTasks" name="test_counsellor_sees_own_tasks_only" time="0.068" /><testcase classname="tests.test_p1_features.TestEmail" name="test_email_not_configured" time="0.141" /><testcase classname="tests.test_p1_features.TestEmail" name="test_list_emails_empty" time="0.148" /><testcase classname="tests.test_p1_features.TestIntegrations" name="test_status_shape" time="0.101" /><testcase classname="tests.test_p1_features.TestConfig" name="test_content_config_roundtrip" time="0.216" /><testcase classname="tests.test_p1_features.TestConfig" name="test_templates_config_roundtrip" time="0.212" /><testcase classname="tests.test_p1_features.TestConfig" name="test_team_config_roundtrip" time="0.067" /><testcase classname="tests.test_p1_features.TestBulkOutreach" name="test_bulk_whatsapp" time="0.081" /><testcase classname="tests.test_p1_features.TestBulkOutreach" name="test_bulk_calls" time="0.069" /><testcase classname="tests.test_integrations_admin.TestListAndMask" name="test_list_returns_five_providers" time="0.619" /><testcase classname="tests.test_integrations_admin.TestListAndMask" name="test_secret_fields_masked_nonsecret_plain" time="0.175" /><testcase classname="tests.test_integrations_admin.TestListAndMask" name="test_no_plaintext_secret_ever_returned" time="0.088" /><testcase classname="tests.test_integrations_admin.TestRBAC" name="test_counsellor_list_403" time="0.424" /><testcase classname="tests.test_integrations_admin.TestRBAC" name="test_counsellor_save_403" time="0.070" /><testcase classname="tests.test_integrations_admin.TestRBAC" name="test_counsellor_test_403" time="0.084" /><testcase classname="tests.test_integrations_admin.TestRBAC" name="test_counsellor_health_403" time="0.086" /><testcase classname="tests.test_integrations_admin.TestRBAC" name="test_counsellor_audit_403" time="0.072" /><testcase classname="tests.test_integrations_admin.TestRBAC" name="test_counsellor_delete_403" time="0.080" /><testcase classname="tests.test_integrations_admin.TestSave" name="test_save_whatsapp_sets_needs_verification" time="0.087" /><testcase classname="tests.test_integrations_admin.TestSave" name="test_blank_value_does_not_overwrite" time="0.276" /><testcase classname="tests.test_integrations_admin.TestSave" name="test_audit_entry_created_and_masked" time="0.170" /><testcase classname="tests.test_integrations_admin.TestConnectionEndpoint" name="test_test_invalid_creds_returns_invalid_not_500" time="0.390" /><testcase classname="tests.test_integrations_admin.TestConnectionEndpoint" name="test_test_not_configured_400" time="0.158" /><testcase classname="tests.test_integrations_admin.TestRotateAndReset" name="test_rotate_secret_clears_field" time="0.258" /><testcase classname="tests.test_integrations_admin.TestRotateAndReset" name="test_delete_resets_provider" time="0.252" /><testcase classname="tests.test_integrations_admin.TestHealth" name="test_health_lists_all_providers" time="0.078" /><testcase classname="tests.test_integrations_admin.TestIntegrationsStatusReflection" name="test_db_reflects_in_status" time="0.455" /><testcase classname="tests.test_integrations_admin.TestRuntimeFallback" name="test_email_send_returns_400_when_not_configured" time="0.209" /><testcase classname="tests.test_integrations_admin.TestRuntimeFallback" name="test_whatsapp_send_falls_back_to_mock_when_not_configured" time="0.577" /></testsuite></testsuites>