<?xml version="1.0" encoding="utf-8"?><testsuites name="pytest tests"><testsuite name="pytest" errors="0" failures="0" skipped="0" tests="6" time="1.857" timestamp="2026-07-05T06:20:48.466436+00:00" hostname="agent-env-e61ffc14-8835-4b00-a273-648cb5f8bc9f"><testcase classname="tests.test_social_publish" name="test_facebook_provider_connected" time="0.477" /><testcase classname="tests.test_social_publish" name="test_instagram_provider_connected" time="0.088" /><testcase classname="tests.test_social_publish" name="test_public_image_endpoint_returns_bytes" time="0.531" /><testcase classname="tests.test_social_publish" name="test_public_image_endpoint_404_on_bad_id" time="0.071" /><testcase classname="tests.test_social_publish" name="test_history_has_entry_with_required_fields" time="0.085" /><testcase classname="tests.test_social_publish" name="test_history_no_placeholder_strings" time="0.093" /></testsuite></testsuites>